build/app/intermediates/manifest_merge_blame_file/debug/processDebugMainManifest/manifest-merger-blame-debug-report.txt
1<?xml version="1.0" encoding="utf-8"?>
2<manifest xmlns:android="http://schemas.android.com/apk/res/android"
3    package="com.example.glycosnap"
4    android:versionCode="1"
5    android:versionName="1.0" >
6
7    <uses-sdk
8        android:minSdkVersion="23"
9        android:targetSdkVersion="35" />
10    <!--
11         The INTERNET permission is required for development. Specifically,
12         the Flutter tool needs it to communicate with the running application
13         to allow setting breakpoints, to provide hot reload, etc.
14    -->
15    <uses-permission android:name="android.permission.INTERNET" />
15-->src\main\AndroidManifest.xml:58:5-66
15-->src\main\AndroidManifest.xml:58:22-64
16    <uses-permission android:name="android.permission.CAMERA" />
16-->src\main\AndroidManifest.xml:4:5-64
16-->src\main\AndroidManifest.xml:4:22-62
17
18    <uses-feature
18-->src\main\AndroidManifest.xml:5:5-84
19        android:name="android.hardware.camera"
19-->src\main\AndroidManifest.xml:5:19-57
20        android:required="false" />
20-->src\main\AndroidManifest.xml:5:58-82
21
22    <uses-permission android:name="android.permission.READ_EXTERNAL_STORAGE" />
22-->src\main\AndroidManifest.xml:6:5-79
22-->src\main\AndroidManifest.xml:6:22-77
23    <uses-permission android:name="android.permission.WRITE_EXTERNAL_STORAGE" />
23-->src\main\AndroidManifest.xml:7:5-80
23-->src\main\AndroidManifest.xml:7:22-78
24    <uses-permission android:name="android.permission.READ_MEDIA_IMAGES" />
24-->src\main\AndroidManifest.xml:8:5-75
24-->src\main\AndroidManifest.xml:8:22-73
25    <uses-permission android:name="android.permission.READ_MEDIA_VIDEO" />
25-->src\main\AndroidManifest.xml:9:5-74
25-->src\main\AndroidManifest.xml:9:22-72
26    <!--
27 Required to query activities that can process text, see:
28         https://developer.android.com/training/package-visibility and
29         https://developer.android.com/reference/android/content/Intent#ACTION_PROCESS_TEXT.
30
31         In particular, this is used by the Flutter engine in io.flutter.plugin.text.ProcessTextPlugin.
32    -->
33    <queries>
33-->src\main\AndroidManifest.xml:52:5-57:15
34        <intent>
34-->src\main\AndroidManifest.xml:53:9-56:18
35            <action android:name="android.intent.action.PROCESS_TEXT" />
35-->src\main\AndroidManifest.xml:54:13-72
35-->src\main\AndroidManifest.xml:54:21-70
36
37            <data android:mimeType="text/plain" />
37-->src\main\AndroidManifest.xml:55:13-50
37-->src\main\AndroidManifest.xml:55:19-48
38        </intent>
39    </queries>
40
41    <uses-permission android:name="android.permission.ACCESS_NETWORK_STATE" />
41-->[com.google.firebase:firebase-auth:23.2.0] AndroidManifest.xml:26:5-79
41-->[com.google.firebase:firebase-auth:23.2.0] AndroidManifest.xml:26:22-76
42    <uses-permission android:name="android.permission.WAKE_LOCK" />
42-->[com.google.android.gms:play-services-measurement:22.4.0] AndroidManifest.xml:25:5-68
42-->[com.google.android.gms:play-services-measurement:22.4.0] AndroidManifest.xml:25:22-65
43    <uses-permission android:name="com.google.android.finsky.permission.BIND_GET_INSTALL_REFERRER_SERVICE" />
43-->[com.google.android.gms:play-services-measurement:22.4.0] AndroidManifest.xml:26:5-110
43-->[com.google.android.gms:play-services-measurement:22.4.0] AndroidManifest.xml:26:22-107
44    <uses-permission android:name="com.google.android.gms.permission.AD_ID" />
44-->[com.google.android.gms:play-services-measurement-api:22.4.0] AndroidManifest.xml:25:5-79
44-->[com.google.android.gms:play-services-measurement-api:22.4.0] AndroidManifest.xml:25:22-76
45    <uses-permission android:name="android.permission.ACCESS_ADSERVICES_ATTRIBUTION" />
45-->[com.google.android.gms:play-services-measurement-api:22.4.0] AndroidManifest.xml:26:5-88
45-->[com.google.android.gms:play-services-measurement-api:22.4.0] AndroidManifest.xml:26:22-85
46    <uses-permission android:name="android.permission.ACCESS_ADSERVICES_AD_ID" /> <!-- Required by older versions of Google Play services to create IID tokens -->
46-->[com.google.android.gms:play-services-measurement-api:22.4.0] AndroidManifest.xml:27:5-82
46-->[com.google.android.gms:play-services-measurement-api:22.4.0] AndroidManifest.xml:27:22-79
47    <uses-permission android:name="com.google.android.c2dm.permission.RECEIVE" />
47-->[com.google.firebase:firebase-iid:21.1.0] AndroidManifest.xml:26:5-82
47-->[com.google.firebase:firebase-iid:21.1.0] AndroidManifest.xml:26:22-79
48    <uses-permission android:name="com.google.android.providers.gsf.permission.READ_GSERVICES" />
48-->[com.google.android.recaptcha:recaptcha:18.6.1] AndroidManifest.xml:9:5-98
48-->[com.google.android.recaptcha:recaptcha:18.6.1] AndroidManifest.xml:9:22-95
49
50    <permission
50-->[androidx.core:core:1.13.1] AndroidManifest.xml:22:5-24:47
51        android:name="com.example.glycosnap.DYNAMIC_RECEIVER_NOT_EXPORTED_PERMISSION"
51-->[androidx.core:core:1.13.1] AndroidManifest.xml:23:9-81
52        android:protectionLevel="signature" />
52-->[androidx.core:core:1.13.1] AndroidManifest.xml:24:9-44
53
54    <uses-permission android:name="com.example.glycosnap.DYNAMIC_RECEIVER_NOT_EXPORTED_PERMISSION" />
54-->[androidx.core:core:1.13.1] AndroidManifest.xml:26:5-97
54-->[androidx.core:core:1.13.1] AndroidManifest.xml:26:22-94
55
56    <application
57        android:name="android.app.Application"
58        android:appComponentFactory="androidx.core.app.CoreComponentFactory"
58-->[androidx.core:core:1.13.1] AndroidManifest.xml:28:18-86
59        android:debuggable="true"
60        android:enableOnBackInvokedCallback="true"
61        android:extractNativeLibs="false"
62        android:icon="@mipmap/ic_launcher"
63        android:label="glycosnap" >
64        <activity
65            android:name="com.example.glycosnap.MainActivity"
66            android:configChanges="orientation|keyboardHidden|keyboard|screenSize|smallestScreenSize|locale|layoutDirection|fontScale|screenLayout|density|uiMode"
67            android:exported="true"
68            android:hardwareAccelerated="true"
69            android:launchMode="singleTop"
70            android:taskAffinity=""
71            android:theme="@style/LaunchTheme"
72            android:windowSoftInputMode="adjustResize" >
73
74            <!--
75                 Specifies an Android theme to apply to this Activity as soon as
76                 the Android process has started. This theme is visible to the user
77                 while the Flutter UI initializes. After that, this theme continues
78                 to determine the Window background behind the Flutter UI.
79            -->
80            <meta-data
81                android:name="io.flutter.embedding.android.NormalTheme"
82                android:resource="@style/NormalTheme" />
83
84            <intent-filter>
85                <action android:name="android.intent.action.MAIN" />
86
87                <category android:name="android.intent.category.LAUNCHER" />
88            </intent-filter>
89        </activity>
90        <!--
91             Don't delete the meta-data below.
92             This is used by the Flutter tool to generate GeneratedPluginRegistrant.java
93        -->
94        <meta-data
95            android:name="flutterEmbedding"
96            android:value="2" />
97        <meta-data
98            android:name="com.google.android.gms.version"
99            android:value="@integer/google_play_services_version" />
100
101        <service
101-->[:cloud_firestore] AndroidManifest.xml:8:9-12:19
102            android:name="com.google.firebase.components.ComponentDiscoveryService"
102-->[:cloud_firestore] AndroidManifest.xml:8:18-89
103            android:directBootAware="true"
103-->[com.google.firebase:firebase-common:21.0.0] AndroidManifest.xml:32:13-43
104            android:exported="false" >
104-->[com.google.firebase:firebase-auth:23.2.0] AndroidManifest.xml:68:13-37
105            <meta-data
105-->[:cloud_firestore] AndroidManifest.xml:9:13-11:85
106                android:name="com.google.firebase.components:io.flutter.plugins.firebase.firestore.FlutterFirebaseFirestoreRegistrar"
106-->[:cloud_firestore] AndroidManifest.xml:10:17-134
107                android:value="com.google.firebase.components.ComponentRegistrar" />
107-->[:cloud_firestore] AndroidManifest.xml:11:17-82
108            <meta-data
108-->[:cloud_functions] AndroidManifest.xml:9:13-11:85
109                android:name="com.google.firebase.components:io.flutter.plugins.firebase.functions.FlutterFirebaseAppRegistrar"
109-->[:cloud_functions] AndroidManifest.xml:10:17-128
110                android:value="com.google.firebase.components.ComponentRegistrar" />
110-->[:cloud_functions] AndroidManifest.xml:11:17-82
111            <meta-data
111-->[:firebase_app_check] AndroidManifest.xml:9:13-11:85
112                android:name="com.google.firebase.components:io.flutter.plugins.firebase.appcheck.FlutterFirebaseAppRegistrar"
112-->[:firebase_app_check] AndroidManifest.xml:10:17-127
113                android:value="com.google.firebase.components.ComponentRegistrar" />
113-->[:firebase_app_check] AndroidManifest.xml:11:17-82
114            <meta-data
114-->[:firebase_auth] AndroidManifest.xml:9:13-11:85
115                android:name="com.google.firebase.components:io.flutter.plugins.firebase.auth.FlutterFirebaseAuthRegistrar"
115-->[:firebase_auth] AndroidManifest.xml:10:17-124
116                android:value="com.google.firebase.components.ComponentRegistrar" />
116-->[:firebase_auth] AndroidManifest.xml:11:17-82
117            <meta-data
117-->[:firebase_storage] AndroidManifest.xml:9:13-11:85
118                android:name="com.google.firebase.components:io.flutter.plugins.firebase.storage.FlutterFirebaseAppRegistrar"
118-->[:firebase_storage] AndroidManifest.xml:10:17-126
119                android:value="com.google.firebase.components.ComponentRegistrar" />
119-->[:firebase_storage] AndroidManifest.xml:11:17-82
120            <meta-data
120-->[:firebase_core] AndroidManifest.xml:9:13-11:85
121                android:name="com.google.firebase.components:io.flutter.plugins.firebase.core.FlutterFirebaseCoreRegistrar"
121-->[:firebase_core] AndroidManifest.xml:10:17-124
122                android:value="com.google.firebase.components.ComponentRegistrar" />
122-->[:firebase_core] AndroidManifest.xml:11:17-82
123            <meta-data
123-->[com.google.firebase:firebase-auth:23.2.0] AndroidManifest.xml:69:13-71:85
124                android:name="com.google.firebase.components:com.google.firebase.auth.FirebaseAuthRegistrar"
124-->[com.google.firebase:firebase-auth:23.2.0] AndroidManifest.xml:70:17-109
125                android:value="com.google.firebase.components.ComponentRegistrar" />
125-->[com.google.firebase:firebase-auth:23.2.0] AndroidManifest.xml:71:17-82
126            <meta-data
126-->[com.google.firebase:firebase-firestore:25.1.3] AndroidManifest.xml:17:13-19:85
127                android:name="com.google.firebase.components:com.google.firebase.firestore.FirebaseFirestoreKtxRegistrar"
127-->[com.google.firebase:firebase-firestore:25.1.3] AndroidManifest.xml:18:17-122
128                android:value="com.google.firebase.components.ComponentRegistrar" />
128-->[com.google.firebase:firebase-firestore:25.1.3] AndroidManifest.xml:19:17-82
129            <meta-data
129-->[com.google.firebase:firebase-firestore:25.1.3] AndroidManifest.xml:20:13-22:85
130                android:name="com.google.firebase.components:com.google.firebase.firestore.FirestoreRegistrar"
130-->[com.google.firebase:firebase-firestore:25.1.3] AndroidManifest.xml:21:17-111
131                android:value="com.google.firebase.components.ComponentRegistrar" />
131-->[com.google.firebase:firebase-firestore:25.1.3] AndroidManifest.xml:22:17-82
132            <meta-data
132-->[com.google.firebase:firebase-functions:21.2.0] AndroidManifest.xml:15:13-17:85
133                android:name="com.google.firebase.components:com.google.firebase.functions.FirebaseFunctionsKtxRegistrar"
133-->[com.google.firebase:firebase-functions:21.2.0] AndroidManifest.xml:16:17-122
134                android:value="com.google.firebase.components.ComponentRegistrar" />
134-->[com.google.firebase:firebase-functions:21.2.0] AndroidManifest.xml:17:17-82
135            <meta-data
135-->[com.google.firebase:firebase-functions:21.2.0] AndroidManifest.xml:18:13-20:85
136                android:name="com.google.firebase.components:com.google.firebase.functions.FunctionsRegistrar"
136-->[com.google.firebase:firebase-functions:21.2.0] AndroidManifest.xml:19:17-111
137                android:value="com.google.firebase.components.ComponentRegistrar" />
137-->[com.google.firebase:firebase-functions:21.2.0] AndroidManifest.xml:20:17-82
138            <meta-data
138-->[com.google.android.gms:play-services-measurement-api:22.4.0] AndroidManifest.xml:33:13-35:85
139                android:name="com.google.firebase.components:com.google.firebase.analytics.connector.internal.AnalyticsConnectorRegistrar"
139-->[com.google.android.gms:play-services-measurement-api:22.4.0] AndroidManifest.xml:34:17-139
140                android:value="com.google.firebase.components.ComponentRegistrar" />
140-->[com.google.android.gms:play-services-measurement-api:22.4.0] AndroidManifest.xml:35:17-82
141            <meta-data
141-->[com.google.firebase:firebase-appcheck-playintegrity:18.0.0] AndroidManifest.xml:25:13-27:85
142                android:name="com.google.firebase.components:com.google.firebase.appcheck.playintegrity.FirebaseAppCheckPlayIntegrityRegistrar"
142-->[com.google.firebase:firebase-appcheck-playintegrity:18.0.0] AndroidManifest.xml:26:17-144
143                android:value="com.google.firebase.components.ComponentRegistrar" />
143-->[com.google.firebase:firebase-appcheck-playintegrity:18.0.0] AndroidManifest.xml:27:17-82
144            <meta-data
144-->[com.google.firebase:firebase-appcheck-safetynet:16.1.2] AndroidManifest.xml:27:13-29:85
145                android:name="com.google.firebase.components:com.google.firebase.appcheck.safetynet.FirebaseAppCheckSafetyNetRegistrar"
145-->[com.google.firebase:firebase-appcheck-safetynet:16.1.2] AndroidManifest.xml:28:17-136
146                android:value="com.google.firebase.components.ComponentRegistrar" />
146-->[com.google.firebase:firebase-appcheck-safetynet:16.1.2] AndroidManifest.xml:29:17-82
147            <meta-data
147-->[com.google.firebase:firebase-appcheck-debug:18.0.0] AndroidManifest.xml:25:13-27:85
148                android:name="com.google.firebase.components:com.google.firebase.appcheck.debug.FirebaseAppCheckDebugRegistrar"
148-->[com.google.firebase:firebase-appcheck-debug:18.0.0] AndroidManifest.xml:26:17-128
149                android:value="com.google.firebase.components.ComponentRegistrar" />
149-->[com.google.firebase:firebase-appcheck-debug:18.0.0] AndroidManifest.xml:27:17-82
150            <meta-data
150-->[com.google.firebase:firebase-storage:21.0.1] AndroidManifest.xml:30:13-32:85
151                android:name="com.google.firebase.components:com.google.firebase.storage.FirebaseStorageKtxRegistrar"
151-->[com.google.firebase:firebase-storage:21.0.1] AndroidManifest.xml:31:17-118
152                android:value="com.google.firebase.components.ComponentRegistrar" />
152-->[com.google.firebase:firebase-storage:21.0.1] AndroidManifest.xml:32:17-82
153            <meta-data
153-->[com.google.firebase:firebase-storage:21.0.1] AndroidManifest.xml:33:13-35:85
154                android:name="com.google.firebase.components:com.google.firebase.storage.StorageRegistrar"
154-->[com.google.firebase:firebase-storage:21.0.1] AndroidManifest.xml:34:17-107
155                android:value="com.google.firebase.components.ComponentRegistrar" />
155-->[com.google.firebase:firebase-storage:21.0.1] AndroidManifest.xml:35:17-82
156            <meta-data
156-->[com.google.firebase:firebase-appcheck:18.0.0] AndroidManifest.xml:25:13-27:85
157                android:name="com.google.firebase.components:com.google.firebase.appcheck.FirebaseAppCheckKtxRegistrar"
157-->[com.google.firebase:firebase-appcheck:18.0.0] AndroidManifest.xml:26:17-120
158                android:value="com.google.firebase.components.ComponentRegistrar" />
158-->[com.google.firebase:firebase-appcheck:18.0.0] AndroidManifest.xml:27:17-82
159            <meta-data
159-->[com.google.firebase:firebase-appcheck:18.0.0] AndroidManifest.xml:28:13-30:85
160                android:name="com.google.firebase.components:com.google.firebase.appcheck.FirebaseAppCheckRegistrar"
160-->[com.google.firebase:firebase-appcheck:18.0.0] AndroidManifest.xml:29:17-117
161                android:value="com.google.firebase.components.ComponentRegistrar" />
161-->[com.google.firebase:firebase-appcheck:18.0.0] AndroidManifest.xml:30:17-82
162            <meta-data
162-->[com.google.firebase:firebase-iid:21.1.0] AndroidManifest.xml:32:13-34:85
163                android:name="com.google.firebase.components:com.google.firebase.iid.Registrar"
163-->[com.google.firebase:firebase-iid:21.1.0] AndroidManifest.xml:33:17-96
164                android:value="com.google.firebase.components.ComponentRegistrar" />
164-->[com.google.firebase:firebase-iid:21.1.0] AndroidManifest.xml:34:17-82
165            <meta-data
165-->[com.google.firebase:firebase-installations:18.0.0] AndroidManifest.xml:15:13-17:85
166                android:name="com.google.firebase.components:com.google.firebase.installations.FirebaseInstallationsKtxRegistrar"
166-->[com.google.firebase:firebase-installations:18.0.0] AndroidManifest.xml:16:17-130
167                android:value="com.google.firebase.components.ComponentRegistrar" />
167-->[com.google.firebase:firebase-installations:18.0.0] AndroidManifest.xml:17:17-82
168            <meta-data
168-->[com.google.firebase:firebase-installations:18.0.0] AndroidManifest.xml:18:13-20:85
169                android:name="com.google.firebase.components:com.google.firebase.installations.FirebaseInstallationsRegistrar"
169-->[com.google.firebase:firebase-installations:18.0.0] AndroidManifest.xml:19:17-127
170                android:value="com.google.firebase.components.ComponentRegistrar" />
170-->[com.google.firebase:firebase-installations:18.0.0] AndroidManifest.xml:20:17-82
171            <meta-data
171-->[com.google.firebase:firebase-common-ktx:21.0.0] AndroidManifest.xml:12:13-14:85
172                android:name="com.google.firebase.components:com.google.firebase.ktx.FirebaseCommonLegacyRegistrar"
172-->[com.google.firebase:firebase-common-ktx:21.0.0] AndroidManifest.xml:13:17-116
173                android:value="com.google.firebase.components.ComponentRegistrar" />
173-->[com.google.firebase:firebase-common-ktx:21.0.0] AndroidManifest.xml:14:17-82
174            <meta-data
174-->[com.google.firebase:firebase-common:21.0.0] AndroidManifest.xml:35:13-37:85
175                android:name="com.google.firebase.components:com.google.firebase.FirebaseCommonKtxRegistrar"
175-->[com.google.firebase:firebase-common:21.0.0] AndroidManifest.xml:36:17-109
176                android:value="com.google.firebase.components.ComponentRegistrar" />
176-->[com.google.firebase:firebase-common:21.0.0] AndroidManifest.xml:37:17-82
177        </service>
178
179        <provider
179-->[:image_picker_android] AndroidManifest.xml:9:9-17:20
180            android:name="io.flutter.plugins.imagepicker.ImagePickerFileProvider"
180-->[:image_picker_android] AndroidManifest.xml:10:13-82
181            android:authorities="com.example.glycosnap.flutter.image_provider"
181-->[:image_picker_android] AndroidManifest.xml:11:13-74
182            android:exported="false"
182-->[:image_picker_android] AndroidManifest.xml:12:13-37
183            android:grantUriPermissions="true" >
183-->[:image_picker_android] AndroidManifest.xml:13:13-47
184            <meta-data
184-->[:image_picker_android] AndroidManifest.xml:14:13-16:75
185                android:name="android.support.FILE_PROVIDER_PATHS"
185-->[:image_picker_android] AndroidManifest.xml:15:17-67
186                android:resource="@xml/flutter_image_picker_file_paths" />
186-->[:image_picker_android] AndroidManifest.xml:16:17-72
187        </provider> <!-- Trigger Google Play services to install the backported photo picker module. -->
188        <service
188-->[:image_picker_android] AndroidManifest.xml:19:9-31:19
189            android:name="com.google.android.gms.metadata.ModuleDependencies"
189-->[:image_picker_android] AndroidManifest.xml:20:13-78
190            android:enabled="false"
190-->[:image_picker_android] AndroidManifest.xml:21:13-36
191            android:exported="false" >
191-->[:image_picker_android] AndroidManifest.xml:22:13-37
192            <intent-filter>
192-->[:image_picker_android] AndroidManifest.xml:24:13-26:29
193                <action android:name="com.google.android.gms.metadata.MODULE_DEPENDENCIES" />
193-->[:image_picker_android] AndroidManifest.xml:25:17-94
193-->[:image_picker_android] AndroidManifest.xml:25:25-91
194            </intent-filter>
195
196            <meta-data
196-->[:image_picker_android] AndroidManifest.xml:28:13-30:36
197                android:name="photopicker_activity:0:required"
197-->[:image_picker_android] AndroidManifest.xml:29:17-63
198                android:value="" />
198-->[:image_picker_android] AndroidManifest.xml:30:17-33
199        </service>
200
201        <activity
201-->[com.google.firebase:firebase-auth:23.2.0] AndroidManifest.xml:29:9-46:20
202            android:name="com.google.firebase.auth.internal.GenericIdpActivity"
202-->[com.google.firebase:firebase-auth:23.2.0] AndroidManifest.xml:30:13-80
203            android:excludeFromRecents="true"
203-->[com.google.firebase:firebase-auth:23.2.0] AndroidManifest.xml:31:13-46
204            android:exported="true"
204-->[com.google.firebase:firebase-auth:23.2.0] AndroidManifest.xml:32:13-36
205            android:launchMode="singleTask"
205-->[com.google.firebase:firebase-auth:23.2.0] AndroidManifest.xml:33:13-44
206            android:theme="@android:style/Theme.Translucent.NoTitleBar" >
206-->[com.google.firebase:firebase-auth:23.2.0] AndroidManifest.xml:34:13-72
207            <intent-filter>
207-->[com.google.firebase:firebase-auth:23.2.0] AndroidManifest.xml:35:13-45:29
208                <action android:name="android.intent.action.VIEW" />
208-->[com.google.firebase:firebase-auth:23.2.0] AndroidManifest.xml:36:17-69
208-->[com.google.firebase:firebase-auth:23.2.0] AndroidManifest.xml:36:25-66
209
210                <category android:name="android.intent.category.DEFAULT" />
210-->[com.google.firebase:firebase-auth:23.2.0] AndroidManifest.xml:38:17-76
210-->[com.google.firebase:firebase-auth:23.2.0] AndroidManifest.xml:38:27-73
211                <category android:name="android.intent.category.BROWSABLE" />
211-->[com.google.firebase:firebase-auth:23.2.0] AndroidManifest.xml:39:17-78
211-->[com.google.firebase:firebase-auth:23.2.0] AndroidManifest.xml:39:27-75
212
213                <data
213-->src\main\AndroidManifest.xml:55:13-50
214                    android:host="firebase.auth"
215                    android:path="/"
216                    android:scheme="genericidp" />
217            </intent-filter>
218        </activity>
219        <activity
219-->[com.google.firebase:firebase-auth:23.2.0] AndroidManifest.xml:47:9-64:20
220            android:name="com.google.firebase.auth.internal.RecaptchaActivity"
220-->[com.google.firebase:firebase-auth:23.2.0] AndroidManifest.xml:48:13-79
221            android:excludeFromRecents="true"
221-->[com.google.firebase:firebase-auth:23.2.0] AndroidManifest.xml:49:13-46
222            android:exported="true"
222-->[com.google.firebase:firebase-auth:23.2.0] AndroidManifest.xml:50:13-36
223            android:launchMode="singleTask"
223-->[com.google.firebase:firebase-auth:23.2.0] AndroidManifest.xml:51:13-44
224            android:theme="@android:style/Theme.Translucent.NoTitleBar" >
224-->[com.google.firebase:firebase-auth:23.2.0] AndroidManifest.xml:52:13-72
225            <intent-filter>
225-->[com.google.firebase:firebase-auth:23.2.0] AndroidManifest.xml:53:13-63:29
226                <action android:name="android.intent.action.VIEW" />
226-->[com.google.firebase:firebase-auth:23.2.0] AndroidManifest.xml:36:17-69
226-->[com.google.firebase:firebase-auth:23.2.0] AndroidManifest.xml:36:25-66
227
228                <category android:name="android.intent.category.DEFAULT" />
228-->[com.google.firebase:firebase-auth:23.2.0] AndroidManifest.xml:38:17-76
228-->[com.google.firebase:firebase-auth:23.2.0] AndroidManifest.xml:38:27-73
229                <category android:name="android.intent.category.BROWSABLE" />
229-->[com.google.firebase:firebase-auth:23.2.0] AndroidManifest.xml:39:17-78
229-->[com.google.firebase:firebase-auth:23.2.0] AndroidManifest.xml:39:27-75
230
231                <data
231-->src\main\AndroidManifest.xml:55:13-50
232                    android:host="firebase.auth"
233                    android:path="/"
234                    android:scheme="recaptcha" />
235            </intent-filter>
236        </activity>
237
238        <service
238-->[androidx.credentials:credentials-play-services-auth:1.2.0-rc01] AndroidManifest.xml:24:9-32:19
239            android:name="androidx.credentials.playservices.CredentialProviderMetadataHolder"
239-->[androidx.credentials:credentials-play-services-auth:1.2.0-rc01] AndroidManifest.xml:25:13-94
240            android:enabled="true"
240-->[androidx.credentials:credentials-play-services-auth:1.2.0-rc01] AndroidManifest.xml:26:13-35
241            android:exported="false" >
241-->[androidx.credentials:credentials-play-services-auth:1.2.0-rc01] AndroidManifest.xml:27:13-37
242            <meta-data
242-->[androidx.credentials:credentials-play-services-auth:1.2.0-rc01] AndroidManifest.xml:29:13-31:104
243                android:name="androidx.credentials.CREDENTIAL_PROVIDER_KEY"
243-->[androidx.credentials:credentials-play-services-auth:1.2.0-rc01] AndroidManifest.xml:30:17-76
244                android:value="androidx.credentials.playservices.CredentialProviderPlayServicesImpl" />
244-->[androidx.credentials:credentials-play-services-auth:1.2.0-rc01] AndroidManifest.xml:31:17-101
245        </service>
246
247        <activity
247-->[androidx.credentials:credentials-play-services-auth:1.2.0-rc01] AndroidManifest.xml:34:9-41:20
248            android:name="androidx.credentials.playservices.HiddenActivity"
248-->[androidx.credentials:credentials-play-services-auth:1.2.0-rc01] AndroidManifest.xml:35:13-76
249            android:configChanges="orientation|screenSize|screenLayout|keyboardHidden"
249-->[androidx.credentials:credentials-play-services-auth:1.2.0-rc01] AndroidManifest.xml:36:13-87
250            android:enabled="true"
250-->[androidx.credentials:credentials-play-services-auth:1.2.0-rc01] AndroidManifest.xml:37:13-35
251            android:exported="false"
251-->[androidx.credentials:credentials-play-services-auth:1.2.0-rc01] AndroidManifest.xml:38:13-37
252            android:fitsSystemWindows="true"
252-->[androidx.credentials:credentials-play-services-auth:1.2.0-rc01] AndroidManifest.xml:39:13-45
253            android:theme="@style/Theme.Hidden" >
253-->[androidx.credentials:credentials-play-services-auth:1.2.0-rc01] AndroidManifest.xml:40:13-48
254        </activity>
255        <activity
255-->[com.google.android.gms:play-services-auth:21.0.0] AndroidManifest.xml:23:9-27:75
256            android:name="com.google.android.gms.auth.api.signin.internal.SignInHubActivity"
256-->[com.google.android.gms:play-services-auth:21.0.0] AndroidManifest.xml:24:13-93
257            android:excludeFromRecents="true"
257-->[com.google.android.gms:play-services-auth:21.0.0] AndroidManifest.xml:25:13-46
258            android:exported="false"
258-->[com.google.android.gms:play-services-auth:21.0.0] AndroidManifest.xml:26:13-37
259            android:theme="@android:style/Theme.Translucent.NoTitleBar" />
259-->[com.google.android.gms:play-services-auth:21.0.0] AndroidManifest.xml:27:13-72
260        <!--
261            Service handling Google Sign-In user revocation. For apps that do not integrate with
262            Google Sign-In, this service will never be started.
263        -->
264        <service
264-->[com.google.android.gms:play-services-auth:21.0.0] AndroidManifest.xml:33:9-37:51
265            android:name="com.google.android.gms.auth.api.signin.RevocationBoundService"
265-->[com.google.android.gms:play-services-auth:21.0.0] AndroidManifest.xml:34:13-89
266            android:exported="true"
266-->[com.google.android.gms:play-services-auth:21.0.0] AndroidManifest.xml:35:13-36
267            android:permission="com.google.android.gms.auth.api.signin.permission.REVOCATION_NOTIFICATION"
267-->[com.google.android.gms:play-services-auth:21.0.0] AndroidManifest.xml:36:13-107
268            android:visibleToInstantApps="true" />
268-->[com.google.android.gms:play-services-auth:21.0.0] AndroidManifest.xml:37:13-48
269
270        <receiver
270-->[com.google.android.gms:play-services-measurement:22.4.0] AndroidManifest.xml:29:9-33:20
271            android:name="com.google.android.gms.measurement.AppMeasurementReceiver"
271-->[com.google.android.gms:play-services-measurement:22.4.0] AndroidManifest.xml:30:13-85
272            android:enabled="true"
272-->[com.google.android.gms:play-services-measurement:22.4.0] AndroidManifest.xml:31:13-35
273            android:exported="false" >
273-->[com.google.android.gms:play-services-measurement:22.4.0] AndroidManifest.xml:32:13-37
274        </receiver>
275
276        <service
276-->[com.google.android.gms:play-services-measurement:22.4.0] AndroidManifest.xml:35:9-38:40
277            android:name="com.google.android.gms.measurement.AppMeasurementService"